SF:lib\app\modules\user\create-user\presenter\controller\create_user_controller.dart
DA:15,1
DA:35,1
DA:37,1
DA:38,5
DA:39,1
DA:40,5
DA:43,1
DA:44,1
DA:46,1
DA:47,1
DA:49,1
DA:50,1
DA:52,1
DA:53,1
LF:14
LH:14
end_of_record
SF:lib\app\modules\user\create-user\presenter\controller\create_user_controller.g.dart
DA:12,1
DA:13,2
DA:15,1
DA:17,2
DA:18,1
DA:21,1
DA:23,4
DA:24,1
DA:28,1
DA:29,2
DA:31,1
DA:33,2
DA:34,1
DA:37,1
DA:39,4
DA:40,1
DA:44,1
DA:45,2
DA:47,1
DA:49,2
DA:50,1
DA:53,1
DA:55,4
DA:56,1
DA:63,0
DA:65,0
DA:66,0
DA:69,0
DA:71,0
DA:72,0
DA:79,0
DA:81,0
DA:82,0
DA:85,0
DA:87,0
DA:88,0
DA:92,1
DA:93,2
DA:95,1
DA:97,2
DA:98,1
DA:101,1
DA:103,4
DA:104,1
DA:108,1
DA:109,2
DA:111,1
DA:113,4
DA:116,1
DA:117,2
DA:119,1
DA:121,2
DA:124,1
DA:126,2
DA:130,1
DA:132,2
DA:135,1
DA:137,2
DA:141,1
DA:143,2
DA:146,1
DA:148,2
DA:152,1
DA:154,2
DA:157,1
DA:159,2
DA:163,0
DA:166,0
DA:167,0
DA:168,0
DA:169,0
DA:170,0
DA:171,0
DA:172,0
LF:74
LH:54
end_of_record
SF:lib\app\modules\user\create-user\presenter\states\create_user_state.dart
DA:8,2
DA:12,1
DA:17,1
DA:22,1
LF:4
LH:4
end_of_record
SF:lib\generated\l10n.dart
DA:16,5
DA:20,5
DA:21,5
DA:28,5
DA:29,5
DA:30,0
DA:31,5
DA:32,5
DA:33,15
DA:34,5
DA:35,5
DA:42,0
DA:43,0
DA:44,0
DA:49,0
DA:50,0
DA:54,1
DA:55,1
DA:57,1
DA:65,1
DA:70,0
DA:71,0
DA:75,0
DA:80,0
DA:81,0
DA:85,0
DA:90,1
DA:91,1
DA:92,1
DA:95,1
DA:100,1
DA:101,1
DA:105,1
DA:110,2
DA:111,2
DA:112,2
DA:115,2
DA:120,0
DA:121,0
DA:122,0
DA:125,0
DA:131,5
DA:133,0
DA:140,0
DA:141,0
DA:142,0
DA:143,0
DA:144,0
DA:147,0
DA:148,0
DA:149,0
LF:51
LH:26
end_of_record
SF:lib\shared\domain\enums\state_enum.dart
DA:12,1
DA:13,3
LF:2
LH:2
end_of_record
SF:lib\shared\domain\usecases\create_user_usecase.dart
DA:17,0
DA:19,0
DA:22,0
DA:29,0
LF:4
LH:0
end_of_record
SF:lib\shared\helpers\errors\errors.dart
DA:6,4
DA:10,1
DA:11,3
DA:15,4
DA:19,2
DA:20,6
DA:24,0
DA:25,0
LF:8
LH:6
end_of_record
SF:lib\shared\infra\models\user_model.dart
DA:5,4
DA:12,1
DA:13,1
DA:14,1
DA:15,1
DA:16,1
DA:17,1
DA:19,5
DA:22,1
DA:23,4
DA:26,1
DA:27,1
DA:28,1
DA:29,1
DA:30,1
DA:31,1
DA:32,2
DA:36,0
DA:37,0
DA:41,0
DA:48,0
DA:49,0
DA:50,0
DA:51,0
DA:52,0
DA:53,0
LF:26
LH:17
end_of_record
SF:lib\shared\domain\entities\user.dart
DA:13,5
DA:20,10
DA:21,1
DA:23,10
DA:24,1
DA:26,10
DA:27,1
DA:31,5
DA:32,10
DA:38,5
DA:39,5
DA:42,5
DA:45,5
DA:46,10
LF:14
LH:14
end_of_record
SF:lib\generated\intl\messages_all.dart
DA:23,15
DA:24,10
DA:25,0
DA:28,5
DA:30,5
DA:31,5
DA:32,0
DA:33,0
DA:40,5
DA:41,5
DA:42,15
DA:43,0
DA:45,0
DA:47,10
DA:48,5
DA:49,15
DA:50,10
DA:51,5
DA:54,5
DA:56,5
DA:62,5
DA:64,5
DA:66,5
LF:23
LH:18
end_of_record
SF:lib\generated\intl\messages_en.dart
DA:16,15
DA:21,0
DA:23,1
DA:24,1
DA:26,0
DA:28,4
DA:30,3
DA:35,1
DA:38,10
DA:39,5
DA:42,5
DA:44,5
LF:12
LH:10
end_of_record
SF:lib\generated\intl\messages_pt_BR.dart
DA:16,0
DA:21,0
DA:23,0
DA:24,0
DA:26,0
DA:27,0
DA:29,0
DA:31,0
DA:36,0
DA:39,0
DA:40,0
DA:43,0
DA:45,0
LF:13
LH:0
end_of_record
SF:lib\shared\datasource\external\http\user_datasource.dart
DA:8,0
DA:10,0
DA:12,0
DA:14,0
DA:19,0
DA:20,0
DA:22,0
DA:26,0
DA:28,0
DA:30,0
DA:31,0
DA:33,0
DA:37,0
DA:39,0
DA:41,0
DA:44,0
DA:45,0
DA:47,0
DA:51,0
DA:53,0
DA:55,0
DA:58,0
DA:59,0
DA:61,0
DA:65,0
DA:67,0
DA:69,0
DA:70,0
DA:72,0
LF:29
LH:0
end_of_record
SF:lib\shared\helpers\enums\http_status_code_enum.dart
DA:22,0
DA:24,0
DA:26,0
DA:28,0
DA:30,0
DA:32,0
DA:34,0
DA:36,0
DA:38,0
DA:40,0
DA:42,0
DA:44,0
DA:46,0
DA:48,0
DA:50,0
DA:52,0
DA:57,1
DA:60,1
DA:62,1
DA:64,1
DA:66,1
DA:68,1
DA:70,0
DA:72,0
DA:74,0
DA:76,0
DA:78,0
DA:80,0
DA:82,0
DA:84,0
DA:86,0
DA:88,0
LF:32
LH:6
end_of_record
SF:lib\shared\helpers\functions\get_http_status_function.dart
DA:3,1
DA:5,1
DA:7,1
DA:9,1
DA:11,0
DA:13,0
DA:15,0
DA:17,0
DA:19,0
DA:21,0
DA:23,0
DA:25,0
DA:27,0
LF:13
LH:4
end_of_record
SF:lib\shared\infra\repositories\user_repository_http.dart
DA:15,1
DA:17,1
DA:21,2
DA:22,1
DA:24,3
DA:25,3
DA:29,1
DA:32,1
DA:36,2
DA:37,1
DA:39,3
DA:40,3
DA:44,1
DA:47,1
DA:51,2
DA:52,1
DA:54,3
DA:55,3
DA:59,2
DA:62,1
DA:66,2
DA:67,1
DA:69,3
DA:70,3
DA:74,1
DA:77,1
DA:81,2
DA:82,1
DA:84,3
DA:85,3
DA:89,1
LF:31
LH:31
end_of_record
SF:lib\shared\infra\repositories\user_repository_mock.dart
DA:12,1
DA:13,2
DA:14,1
DA:21,1
DA:31,1
DA:33,2
DA:34,1
DA:37,1
DA:39,3
DA:40,4
DA:41,2
DA:42,3
DA:45,0
DA:48,1
DA:50,2
DA:51,2
DA:53,2
DA:56,1
DA:58,2
DA:59,2
DA:60,1
DA:63,0
DA:66,1
DA:68,2
DA:69,3
DA:71,1
DA:74,0
LF:27
LH:24
end_of_record
SF:lib\shared\infra\storage\local_storage.dart
DA:7,0
DA:9,0
DA:10,0
DA:11,0
DA:14,0
DA:16,0
DA:19,0
DA:21,0
LF:8
LH:0
end_of_record
